<?xml version="1.0" encoding="UTF-8"?>
<!-- Generated by org.testng.reporters.JUnitXMLReporter -->
<testsuite hostname="Afsanas-MacBook-Pro.local" name="Test" tests="1" failures="0" timestamp="28 Aug 2020 23:31:21 GMT" time="0.014" errors="0">
  <testcase name="@BeforeMethod beforeEachTestMethod" time="0.0" classname="Test_Cases.Sucessfully_compose_mail$Sign_in_test">
    <failure type="org.testng.TestNGException" message="
Parameter &amp;apos;browser&amp;apos; is required by @Configuration on method beforeEachTestMethod but has not been marked @Optional or defined
in /Users/afsanakeya/Documents/Automation/Final_Project/testng.xml">
      <![CDATA[org.testng.TestNGException: 
Parameter 'browser' is required by @Configuration on method beforeEachTestMethod but has not been marked @Optional or defined
in /Users/afsanakeya/Documents/Automation/Final_Project/testng.xml
... Removed 23 stack frames]]>
    </failure>
  </testcase> <!-- @BeforeMethod beforeEachTestMethod -->
  <testcase name="@AfterMethod afterEachTestMethod" time="0.0" classname="Test_Cases.Sucessfully_compose_mail$Sign_in_test">
    <skipped/>
  </testcase> <!-- @AfterMethod afterEachTestMethod -->
  <testcase name="Sucessfully_compose_mail_Test" time="0.001" classname="Test_Cases.Sucessfully_compose_mail$Sign_in_test">
    <skipped/>
  </testcase> <!-- Sucessfully_compose_mail_Test -->
</testsuite> <!-- Test -->
